<?xml version="1.0" encoding="UTF-8"?>
<!-- Generated by org.testng.reporters.JUnitXMLReporter -->
<testsuite ignored="0" hostname="ue-Latitude-5420" failures="0" tests="3" name="Default test" time="16.521" errors="0" timestamp="2025-07-04T21:03:58 IST">
  <testcase classname="testcases.LoginApplication" name="loginWithValidCreds" time="3.016"/>
  <testcase classname="testcases.LoginApplication" name="validateFooterSocialIcons" time="0.014"/>
  <testcase classname="testcases.LoginApplication" name="clickOnFooterLink" time="10.879"/>
</testsuite> <!-- Default test -->
