<?xml version="1.0" encoding="UTF-8"?>
<testng-results ignored="0" total="3" passed="3" failed="0" skipped="0">
  <reporter-output>
    <line>
      <![CDATA[*** Chrome Browser Initiating ***]]>
    </line>
    <line>
      <![CDATA[*** Chrome Browser Started ***]]>
    </line>
    <line>
      <![CDATA[*** Reading Config File For QA Env Setup ***]]>
    </line>
    <line>
      <![CDATA[*** Chrome Browser Closing ***]]>
    </line>
    <line>
      <![CDATA[*** Chrome Browser Closed ***]]>
    </line>
  </reporter-output>
  <suite started-at="2025-07-04T21:03:42 IST" name="Default suite" finished-at="2025-07-04T21:03:58 IST" duration-ms="16521">
    <groups>
    </groups>
    <test started-at="2025-07-04T21:03:42 IST" name="Default test" finished-at="2025-07-04T21:03:58 IST" duration-ms="16521">
      <class name="testcases.LoginApplication">
        <test-method is-config="true" signature="setup()[pri:0, instance:testcases.LoginApplication@3754a4bf]" started-at="2025-07-04T21:03:42 IST" name="setup" finished-at="2025-07-04T21:03:44 IST" duration-ms="2473" status="PASS">
          <reporter-output>
            <line>
              <![CDATA[*** Chrome Browser Initiating ***]]>
            </line>
            <line>
              <![CDATA[*** Chrome Browser Started ***]]>
            </line>
            <line>
              <![CDATA[*** Reading Config File For QA Env Setup ***]]>
            </line>
          </reporter-output>
        </test-method> <!-- setup -->
        <test-method signature="loginWithValidCreds()[pri:1, instance:testcases.LoginApplication@3754a4bf]" started-at="2025-07-04T21:03:44 IST" name="loginWithValidCreds" finished-at="2025-07-04T21:03:47 IST" duration-ms="3016" status="PASS">
          <reporter-output>
          </reporter-output>
        </test-method> <!-- loginWithValidCreds -->
        <test-method signature="validateFooterSocialIcons()[pri:2, instance:testcases.LoginApplication@3754a4bf]" started-at="2025-07-04T21:03:47 IST" name="validateFooterSocialIcons" finished-at="2025-07-04T21:03:47 IST" duration-ms="14" status="PASS">
          <reporter-output>
          </reporter-output>
        </test-method> <!-- validateFooterSocialIcons -->
        <test-method signature="clickOnFooterLink()[pri:3, instance:testcases.LoginApplication@3754a4bf]" started-at="2025-07-04T21:03:47 IST" name="clickOnFooterLink" finished-at="2025-07-04T21:03:58 IST" duration-ms="10879" status="PASS">
          <reporter-output>
          </reporter-output>
        </test-method> <!-- clickOnFooterLink -->
        <test-method is-config="true" signature="tearDown()[pri:0, instance:testcases.LoginApplication@3754a4bf]" started-at="2025-07-04T21:03:58 IST" name="tearDown" finished-at="2025-07-04T21:03:58 IST" duration-ms="105" status="PASS">
          <reporter-output>
            <line>
              <![CDATA[*** Chrome Browser Closing ***]]>
            </line>
            <line>
              <![CDATA[*** Chrome Browser Closed ***]]>
            </line>
          </reporter-output>
        </test-method> <!-- tearDown -->
      </class> <!-- testcases.LoginApplication -->
    </test> <!-- Default test -->
  </suite> <!-- Default suite -->
</testng-results>
